<?xml version="1.0" encoding="UTF-8"?>
<!-- Generated by org.testng.reporters.JUnitReportReporter -->
<testsuite hostname="DESKTOP-MNPAC8O" failures="0" tests="1" name="poc.com.testcases.TestCases" time="92.334" errors="0" timestamp="2022-01-14T19:18:55 IST" skipped="0">
  <testcase classname="poc.com.testcases.TestCases" name="TC_010" time="92.334"/>
  <system-out/>
</testsuite> <!-- poc.com.testcases.TestCases -->
